# JRE version: OpenJDK Runtime Environment (8.0_242) (build 1.8.0_242-release-1644-b3-6222593)
# Java VM: OpenJDK 64-Bit Server VM (25.242-b3-6222593 mixed mode linux-amd64 compressed oops)
Heap:
 PSYoungGen      total 363520K, used 33789K [0x00000000d5580000, 0x00000000edb00000, 0x0000000100000000)
  eden space 329728K, 0% used [0x00000000d5580000,0x00000000d5580000,0x00000000e9780000)
  from space 33792K, 99% used [0x00000000e9780000,0x00000000eb87f690,0x00000000eb880000)
  to   space 29184K, 0% used [0x00000000eb880000,0x00000000eb880000,0x00000000ed500000)
 ParOldGen       total 133120K, used 62937K [0x0000000080000000, 0x0000000088200000, 0x00000000d5580000)
  object space 133120K, 47% used [0x0000000080000000,0x0000000083d767d8,0x0000000088200000)
 Metaspace       used 96466K, capacity 101460K, committed 101528K, reserved 1136640K
  class space    used 12770K, capacity 13686K, committed 13744K, reserved 1048576K
GC Heap History (10 events):
Event: 120.387 GC heap after
Heap after GC invocations=18 (full 3):
 PSYoungGen      total 251904K, used 19959K [0x00000000d5580000, 0x00000000ea780000, 0x0000000100000000)
  eden space 231936K, 0% used [0x00000000d5580000,0x00000000d5580000,0x00000000e3800000)
  from space 19968K, 99% used [0x00000000e3800000,0x00000000e4b7dd90,0x00000000e4b80000)
  to   space 29184K, 0% used [0x00000000e8b00000,0x00000000e8b00000,0x00000000ea780000)
 ParOldGen       total 85504K, used 49829K [0x0000000080000000, 0x0000000085380000, 0x00000000d5580000)
  object space 85504K, 58% used [0x0000000080000000,0x00000000830a96f0,0x0000000085380000)
 Metaspace       used 73044K, capacity 76356K, committed 76696K, reserved 1116160K
  class space    used 9683K, capacity 10315K, committed 10416K, reserved 1048576K
}
Event: 165.445 GC heap before
{Heap before GC invocations=19 (full 3):
 PSYoungGen      total 251904K, used 251895K [0x00000000d5580000, 0x00000000ea780000, 0x0000000100000000)
  eden space 231936K, 100% used [0x00000000d5580000,0x00000000e3800000,0x00000000e3800000)
  from space 19968K, 99% used [0x00000000e3800000,0x00000000e4b7dd90,0x00000000e4b80000)
  to   space 29184K, 0% used [0x00000000e8b00000,0x00000000e8b00000,0x00000000ea780000)
 ParOldGen       total 85504K, used 49829K [0x0000000080000000, 0x0000000085380000, 0x00000000d5580000)
  object space 85504K, 58% used [0x0000000080000000,0x00000000830a96f0,0x0000000085380000)
 Metaspace       used 78708K, capacity 82374K, committed 82456K, reserved 1120256K
  class space    used 10342K, capacity 11026K, committed 11056K, reserved 1048576K
Event: 165.518 GC heap after
Heap after GC invocations=19 (full 3):
 PSYoungGen      total 316416K, used 16965K [0x00000000d5580000, 0x00000000ea880000, 0x0000000100000000)
  eden space 287232K, 0% used [0x00000000d5580000,0x00000000d5580000,0x00000000e6e00000)
  from space 29184K, 58% used [0x00000000e8b00000,0x00000000e9b915f0,0x00000000ea780000)
  to   space 29696K, 0% used [0x00000000e6e00000,0x00000000e6e00000,0x00000000e8b00000)
 ParOldGen       total 85504K, used 69067K [0x0000000080000000, 0x0000000085380000, 0x00000000d5580000)
  object space 85504K, 80% used [0x0000000080000000,0x0000000084372f80,0x0000000085380000)
 Metaspace       used 78708K, capacity 82374K, committed 82456K, reserved 1120256K
  class space    used 10342K, capacity 11026K, committed 11056K, reserved 1048576K
}
Event: 165.518 GC heap before
{Heap before GC invocations=20 (full 4):
 PSYoungGen      total 316416K, used 16965K [0x00000000d5580000, 0x00000000ea880000, 0x0000000100000000)
  eden space 287232K, 0% used [0x00000000d5580000,0x00000000d5580000,0x00000000e6e00000)
  from space 29184K, 58% used [0x00000000e8b00000,0x00000000e9b915f0,0x00000000ea780000)
  to   space 29696K, 0% used [0x00000000e6e00000,0x00000000e6e00000,0x00000000e8b00000)
 ParOldGen       total 85504K, used 69067K [0x0000000080000000, 0x0000000085380000, 0x00000000d5580000)
  object space 85504K, 80% used [0x0000000080000000,0x0000000084372f80,0x0000000085380000)
 Metaspace       used 78708K, capacity 82374K, committed 82456K, reserved 1120256K
  class space    used 10342K, capacity 11026K, committed 11056K, reserved 1048576K
Event: 165.941 GC heap after
Heap after GC invocations=20 (full 4):
 PSYoungGen      total 316416K, used 0K [0x00000000d5580000, 0x00000000ea880000, 0x0000000100000000)
  eden space 287232K, 0% used [0x00000000d5580000,0x00000000d5580000,0x00000000e6e00000)
  from space 29184K, 0% used [0x00000000e8b00000,0x00000000e8b00000,0x00000000ea780000)
  to   space 29696K, 0% used [0x00000000e6e00000,0x00000000e6e00000,0x00000000e8b00000)
 ParOldGen       total 133120K, used 57014K [0x0000000080000000, 0x0000000088200000, 0x00000000d5580000)
  object space 133120K, 42% used [0x0000000080000000,0x00000000837ada88,0x0000000088200000)
 Metaspace       used 78619K, capacity 82144K, committed 82456K, reserved 1120256K
  class space    used 10317K, capacity 10981K, committed 11056K, reserved 1048576K
}
Event: 173.821 GC heap before
{Heap before GC invocations=21 (full 4):
 PSYoungGen      total 316416K, used 287232K [0x00000000d5580000, 0x00000000ea880000, 0x0000000100000000)
  eden space 287232K, 100% used [0x00000000d5580000,0x00000000e6e00000,0x00000000e6e00000)
  from space 29184K, 0% used [0x00000000e8b00000,0x00000000e8b00000,0x00000000ea780000)
  to   space 29696K, 0% used [0x00000000e6e00000,0x00000000e6e00000,0x00000000e8b00000)
 ParOldGen       total 133120K, used 57014K [0x0000000080000000, 0x0000000088200000, 0x00000000d5580000)
  object space 133120K, 42% used [0x0000000080000000,0x00000000837ada88,0x0000000088200000)
 Metaspace       used 82708K, capacity 86296K, committed 86680K, reserved 1124352K
  class space    used 10861K, capacity 11594K, committed 11696K, reserved 1048576K
Event: 173.854 GC heap after
Heap after GC invocations=21 (full 4):
 PSYoungGen      total 316928K, used 4541K [0x00000000d5580000, 0x00000000ed500000, 0x0000000100000000)
  eden space 287232K, 0% used [0x00000000d5580000,0x00000000d5580000,0x00000000e6e00000)
  from space 29696K, 15% used [0x00000000e6e00000,0x00000000e726f550,0x00000000e8b00000)
  to   space 29184K, 0% used [0x00000000eb880000,0x00000000eb880000,0x00000000ed500000)
 ParOldGen       total 133120K, used 57022K [0x0000000080000000, 0x0000000088200000, 0x00000000d5580000)
  object space 133120K, 42% used [0x0000000080000000,0x00000000837afa88,0x0000000088200000)
 Metaspace       used 82708K, capacity 86296K, committed 86680K, reserved 1124352K
  class space    used 10861K, capacity 11594K, committed 11696K, reserved 1048576K
}
Event: 186.165 GC heap before
{Heap before GC invocations=22 (full 4):
 PSYoungGen      total 316928K, used 291759K [0x00000000d5580000, 0x00000000ed500000, 0x0000000100000000)
  eden space 287232K, 99% used [0x00000000d5580000,0x00000000e6dfc8e0,0x00000000e6e00000)
  from space 29696K, 15% used [0x00000000e6e00000,0x00000000e726f550,0x00000000e8b00000)
  to   space 29184K, 0% used [0x00000000eb880000,0x00000000eb880000,0x00000000ed500000)
 ParOldGen       total 133120K, used 57022K [0x0000000080000000, 0x0000000088200000, 0x00000000d5580000)
  object space 133120K, 42% used [0x0000000080000000,0x00000000837afa88,0x0000000088200000)
 Metaspace       used 94558K, capacity 99408K, committed 99736K, reserved 1136640K
  class space    used 12479K, capacity 13392K, committed 13488K, reserved 1048576K
Event: 186.268 GC heap after
Heap after GC invocations=22 (full 4):
 PSYoungGen      total 358912K, used 28155K [0x00000000d5580000, 0x00000000edb00000, 0x0000000100000000)
  eden space 329728K, 0% used [0x00000000d5580000,0x00000000d5580000,0x00000000e9780000)
  from space 29184K, 96% used [0x00000000eb880000,0x00000000ed3fece0,0x00000000ed500000)
  to   space 33792K, 0% used [0x00000000e9780000,0x00000000e9780000,0x00000000eb880000)
 ParOldGen       total 133120K, used 57030K [0x0000000080000000, 0x0000000088200000, 0x00000000d5580000)
  object space 133120K, 42% used [0x0000000080000000,0x00000000837b1a88,0x0000000088200000)
 Metaspace       used 94558K, capacity 99408K, committed 99736K, reserved 1136640K
  class space    used 12479K, capacity 13392K, committed 13488K, reserved 1048576K
}
Event: 192.025 GC heap before
{Heap before GC invocations=23 (full 4):
 PSYoungGen      total 358912K, used 357883K [0x00000000d5580000, 0x00000000edb00000, 0x0000000100000000)
  eden space 329728K, 100% used [0x00000000d5580000,0x00000000e9780000,0x00000000e9780000)
  from space 29184K, 96% used [0x00000000eb880000,0x00000000ed3fece0,0x00000000ed500000)
  to   space 33792K, 0% used [0x00000000e9780000,0x00000000e9780000,0x00000000eb880000)
 ParOldGen       total 133120K, used 57030K [0x0000000080000000, 0x0000000088200000, 0x00000000d5580000)
  object space 133120K, 42% used [0x0000000080000000,0x00000000837b1a88,0x0000000088200000)
 Metaspace       used 96466K, capacity 101460K, committed 101528K, reserved 1136640K
  class space    used 12770K, capacity 13686K, committed 13744K, reserved 1048576K

